<?xml version="1.0" encoding="UTF-8"?>
<!-- Generated by org.testng.reporters.JUnitReportReporter -->
<testsuite hostname="LIN35009098" failures="0" tests="1" name="com.example.AdditionTest" time="0.011" errors="0" timestamp="2022-06-22T17:33:34 IST" skipped="0">
  <testcase classname="com.example.AdditionTest" name="addTest" time="0.011"/>
  <system-out/>
</testsuite> <!-- com.example.AdditionTest -->
